2024.08.05 11:52:43 INFO  Started: Metals version 1.3.5 in folders 'C:\Users\LBC\Downloads\project_scala_spark-master' for client Visual Studio Code 1.92.0.
2024.08.05 11:52:44 INFO  time: initialize in 0.64s
SLF4J(W): Class path contains multiple SLF4J providers.
SLF4J(W): Found provider [scribe.slf4j.ScribeServiceProvider@773d8975]
SLF4J(W): Found provider [ch.qos.logback.classic.spi.LogbackServiceProvider@2d0b5783]
SLF4J(W): See https://www.slf4j.org/codes.html#multiple_bindings for an explanation.
SLF4J(I): Actual provider is of type [scribe.slf4j.ScribeServiceProvider@773d8975]
2024.08.05 11:53:28 WARN  Flyway upgrade recommended: H2 2.3.230 is newer than this version of Flyway and support has not been tested. The latest supported version of H2 is 2.2.220.
2024.08.05 12:03:36 INFO  no build target found for C:\Users\LBC\Downloads\project_scala_spark-master\src\main\scala\Transform.scala. Using presentation compiler with project's scala-library version: 3.3.3
août 05, 2024 12:03:36 PM org.eclipse.lsp4j.jsonrpc.RemoteEndpoint handleCancellation
AVERTISSEMENT: Unmatched cancel notification for request id 4
2024.08.05 12:03:56 INFO  no build target found for C:\Users\LBC\Downloads\project_scala_spark-master\src\main\scala\Transform.scala. Using presentation compiler with project's scala-library version: 3.3.3
août 05, 2024 12:06:18 PM org.eclipse.lsp4j.jsonrpc.RemoteEndpoint handleCancellation
AVERTISSEMENT: Unmatched cancel notification for request id 40
août 05, 2024 12:06:18 PM org.eclipse.lsp4j.jsonrpc.RemoteEndpoint handleCancellation
AVERTISSEMENT: Unmatched cancel notification for request id 42
août 05, 2024 12:06:18 PM org.eclipse.lsp4j.jsonrpc.RemoteEndpoint handleCancellation
AVERTISSEMENT: Unmatched cancel notification for request id 44
août 05, 2024 12:06:19 PM org.eclipse.lsp4j.jsonrpc.RemoteEndpoint handleCancellation
AVERTISSEMENT: Unmatched cancel notification for request id 46
août 05, 2024 12:06:19 PM org.eclipse.lsp4j.jsonrpc.RemoteEndpoint handleCancellation
AVERTISSEMENT: Unmatched cancel notification for request id 48
août 05, 2024 12:06:19 PM org.eclipse.lsp4j.jsonrpc.RemoteEndpoint handleCancellation
AVERTISSEMENT: Unmatched cancel notification for request id 50
août 05, 2024 12:06:19 PM org.eclipse.lsp4j.jsonrpc.RemoteEndpoint handleCancellation
AVERTISSEMENT: Unmatched cancel notification for request id 54
août 05, 2024 12:06:19 PM org.eclipse.lsp4j.jsonrpc.RemoteEndpoint handleCancellation
AVERTISSEMENT: Unmatched cancel notification for request id 56
août 05, 2024 12:06:19 PM org.eclipse.lsp4j.jsonrpc.RemoteEndpoint handleCancellation
AVERTISSEMENT: Unmatched cancel notification for request id 58
août 05, 2024 12:06:19 PM org.eclipse.lsp4j.jsonrpc.RemoteEndpoint handleCancellation
AVERTISSEMENT: Unmatched cancel notification for request id 60
août 05, 2024 12:06:19 PM org.eclipse.lsp4j.jsonrpc.RemoteEndpoint handleCancellation
AVERTISSEMENT: Unmatched cancel notification for request id 62
août 05, 2024 12:06:19 PM org.eclipse.lsp4j.jsonrpc.RemoteEndpoint handleCancellation
AVERTISSEMENT: Unmatched cancel notification for request id 64
août 05, 2024 12:06:19 PM org.eclipse.lsp4j.jsonrpc.RemoteEndpoint handleCancellation
AVERTISSEMENT: Unmatched cancel notification for request id 78
août 05, 2024 12:06:19 PM org.eclipse.lsp4j.jsonrpc.RemoteEndpoint handleCancellation
AVERTISSEMENT: Unmatched cancel notification for request id 80
août 05, 2024 12:06:19 PM org.eclipse.lsp4j.jsonrpc.RemoteEndpoint handleCancellation
AVERTISSEMENT: Unmatched cancel notification for request id 82
août 05, 2024 12:06:19 PM org.eclipse.lsp4j.jsonrpc.RemoteEndpoint handleCancellation
AVERTISSEMENT: Unmatched cancel notification for request id 84
2024.08.05 12:06:19 INFO  no build target found for C:\Users\LBC\Downloads\project_scala_spark-master\src\main\scala\Transform.scala. Using presentation compiler with project's scala-library version: 3.3.3
août 05, 2024 12:06:19 PM org.eclipse.lsp4j.jsonrpc.RemoteEndpoint handleCancellation
AVERTISSEMENT: Unmatched cancel notification for request id 39
2024.08.05 12:06:19 INFO  no build target found for C:\Users\LBC\Downloads\project_scala_spark-master\src\main\scala\Transform.scala. Using presentation compiler with project's scala-library version: 3.3.3
2024.08.05 12:06:27 INFO  no build target found for C:\Users\LBC\Downloads\project_scala_spark-master\src\main\scala\Transform.scala. Using presentation compiler with project's scala-library version: 3.3.3
août 05, 2024 12:06:27 PM org.eclipse.lsp4j.jsonrpc.RemoteEndpoint handleCancellation
AVERTISSEMENT: Unmatched cancel notification for request id 88
2024.08.05 12:06:27 INFO  no build target found for C:\Users\LBC\Downloads\project_scala_spark-master\src\main\scala\Transform.scala. Using presentation compiler with project's scala-library version: 3.3.3
2024.08.05 12:06:27 INFO  no build target found for C:\Users\LBC\Downloads\project_scala_spark-master\src\main\scala\Transform.scala. Using presentation compiler with project's scala-library version: 3.3.3
août 05, 2024 12:06:28 PM org.eclipse.lsp4j.jsonrpc.RemoteEndpoint handleCancellation
AVERTISSEMENT: Unmatched cancel notification for request id 90
août 05, 2024 12:06:28 PM org.eclipse.lsp4j.jsonrpc.RemoteEndpoint handleCancellation
AVERTISSEMENT: Unmatched cancel notification for request id 86
août 05, 2024 12:06:28 PM org.eclipse.lsp4j.jsonrpc.RemoteEndpoint handleCancellation
AVERTISSEMENT: Unmatched cancel notification for request id 102
août 05, 2024 12:06:28 PM org.eclipse.lsp4j.jsonrpc.RemoteEndpoint handleCancellation
AVERTISSEMENT: Unmatched cancel notification for request id 104
août 05, 2024 12:06:28 PM org.eclipse.lsp4j.jsonrpc.RemoteEndpoint handleCancellation
AVERTISSEMENT: Unmatched cancel notification for request id 112
août 05, 2024 12:06:28 PM org.eclipse.lsp4j.jsonrpc.RemoteEndpoint handleCancellation
AVERTISSEMENT: Unmatched cancel notification for request id 114
août 05, 2024 12:06:28 PM org.eclipse.lsp4j.jsonrpc.RemoteEndpoint handleCancellation
AVERTISSEMENT: Unmatched cancel notification for request id 116
août 05, 2024 12:06:28 PM org.eclipse.lsp4j.jsonrpc.RemoteEndpoint handleCancellation
AVERTISSEMENT: Unmatched cancel notification for request id 118
août 05, 2024 12:06:28 PM org.eclipse.lsp4j.jsonrpc.RemoteEndpoint handleCancellation
AVERTISSEMENT: Unmatched cancel notification for request id 120
2024.08.05 12:08:14 INFO  no build target found for C:\Users\LBC\Downloads\project_scala_spark-master\src\main\scala\Transform.scala. Using presentation compiler with project's scala-library version: 3.3.3
2024.08.05 12:08:15 INFO  no build target found for C:\Users\LBC\Downloads\project_scala_spark-master\src\main\scala\Extract.scala. Using presentation compiler with project's scala-library version: 3.3.3
2024.08.05 12:08:55 INFO  no build target found for C:\Users\LBC\Downloads\project_scala_spark-master\src\main\scala\Extract.scala. Using presentation compiler with project's scala-library version: 3.3.3
2024.08.05 12:08:56 INFO  no build target found for C:\Users\LBC\Downloads\project_scala_spark-master\src\main\scala\Transform.scala. Using presentation compiler with project's scala-library version: 3.3.3
août 05, 2024 12:08:56 PM org.eclipse.lsp4j.jsonrpc.RemoteEndpoint handleCancellation
AVERTISSEMENT: Unmatched cancel notification for request id 224
2024.08.05 12:09:24 INFO  no build target found for C:\Users\LBC\Downloads\project_scala_spark-master\src\main\scala\Transform.scala. Using presentation compiler with project's scala-library version: 3.3.3
2024.08.05 12:09:24 INFO  no build target found for C:\Users\LBC\Downloads\project_scala_spark-master\build.sbt. Using presentation compiler with project's scala-library version: 3.3.3
2024.08.05 12:10:05 INFO  no build target found for C:\Users\LBC\Downloads\project_scala_spark-master\build.sbt. Using presentation compiler with project's scala-library version: 3.3.3
2024.08.05 12:10:29 INFO  no build target found for C:\Users\LBC\Downloads\project_scala_spark-master\src\main\scala\Extract.scala. Using presentation compiler with project's scala-library version: 3.3.3
2024.08.05 12:10:29 INFO  no build target found for C:\Users\LBC\Downloads\project_scala_spark-master\src\main\scala\Extract.scala. Using presentation compiler with project's scala-library version: 3.3.3
2024.08.05 12:10:30 INFO  no build target found for C:\Users\LBC\Downloads\project_scala_spark-master\src\main\scala\Load.scala. Using presentation compiler with project's scala-library version: 3.3.3
2024.08.05 12:10:32 INFO  no build target found for C:\Users\LBC\Downloads\project_scala_spark-master\src\main\scala\Load.scala. Using presentation compiler with project's scala-library version: 3.3.3
2024.08.05 12:10:32 INFO  no build target found for C:\Users\LBC\Downloads\project_scala_spark-master\src\main\scala\Main.scala. Using presentation compiler with project's scala-library version: 3.3.3
2024.08.05 12:10:40 INFO  no build target found for C:\Users\LBC\Downloads\project_scala_spark-master\src\main\scala\Main.scala. Using presentation compiler with project's scala-library version: 3.3.3
2024.08.05 12:10:40 INFO  no build target found for C:\Users\LBC\Downloads\project_scala_spark-master\src\main\scala\Transform.scala. Using presentation compiler with project's scala-library version: 3.3.3
2024.08.05 12:11:53 INFO  no build target found for C:\Users\LBC\Downloads\project_scala_spark-master\src\main\scala\Transform.scala. Using presentation compiler with project's scala-library version: 3.3.3
2024.08.05 12:15:07 INFO  no build target found for C:\Users\LBC\Downloads\project_scala_spark-master\src\main\scala\Transform.scala. Using presentation compiler with project's scala-library version: 3.3.3
2024.08.05 12:15:08 INFO  no build target found for C:\Users\LBC\Downloads\project_scala_spark-master\src\main\scala\Transform.scala. Using presentation compiler with project's scala-library version: 3.3.3
2024.08.05 12:16:20 INFO  no build target found for C:\Users\LBC\Downloads\project_scala_spark-master\src\main\scala\Transform.scala. Using presentation compiler with project's scala-library version: 3.3.3
2024.08.05 12:16:23 INFO  no build target found for C:\Users\LBC\Downloads\project_scala_spark-master\src\main\scala\Transform.scala. Using presentation compiler with project's scala-library version: 3.3.3
2024.08.05 12:17:02 INFO  no build target found for C:\Users\LBC\Downloads\project_scala_spark-master\src\main\scala\Transform.scala. Using presentation compiler with project's scala-library version: 3.3.3
2024.08.05 12:17:02 INFO  no build target found for C:\Users\LBC\Downloads\project_scala_spark-master\src\main\scala\Transform.scala. Using presentation compiler with project's scala-library version: 3.3.3
2024.08.05 12:17:02 INFO  no build target found for C:\Users\LBC\Downloads\project_scala_spark-master\src\main\scala\Transform.scala. Using presentation compiler with project's scala-library version: 3.3.3
2024.08.05 12:17:03 INFO  no build target found for C:\Users\LBC\Downloads\project_scala_spark-master\src\main\scala\Transform.scala. Using presentation compiler with project's scala-library version: 3.3.3
2024.08.05 12:17:04 WARN  no build target for: C:\Users\LBC\Downloads\project_scala_spark-master\src\main\scala\Transform.scala
2024.08.05 12:17:04 INFO  no build target found for C:\Users\LBC\Downloads\project_scala_spark-master\src\main\scala\Transform.scala. Using presentation compiler with project's scala-library version: 3.3.3
2024.08.05 12:17:03 INFO  no build target found for C:\Users\LBC\Downloads\project_scala_spark-master\src\main\scala\Transform.scala. Using presentation compiler with project's scala-library version: 3.3.3
2024.08.05 12:17:12 INFO  no build target found for C:\Users\LBC\Downloads\project_scala_spark-master\src\main\scala\Transform.scala. Using presentation compiler with project's scala-library version: 3.3.3
2024.08.05 12:17:37 INFO  no build target found for C:\Users\LBC\Downloads\project_scala_spark-master\src\main\scala\Transform.scala. Using presentation compiler with project's scala-library version: 3.3.3
2024.08.05 12:17:40 INFO  no build target found for C:\Users\LBC\Downloads\project_scala_spark-master\src\main\scala\Transform.scala. Using presentation compiler with project's scala-library version: 3.3.3
2024.08.05 12:17:40 INFO  no build target found for C:\Users\LBC\Downloads\project_scala_spark-master\src\main\scala\Transform.scala. Using presentation compiler with project's scala-library version: 3.3.3
2024.08.05 12:17:40 INFO  no build target found for C:\Users\LBC\Downloads\project_scala_spark-master\src\main\scala\Transform.scala. Using presentation compiler with project's scala-library version: 3.3.3
2024.08.05 12:17:44 INFO  no build target found for C:\Users\LBC\Downloads\project_scala_spark-master\src\main\scala\Transform.scala. Using presentation compiler with project's scala-library version: 3.3.3
2024.08.05 12:17:45 INFO  no build target found for C:\Users\LBC\Downloads\project_scala_spark-master\src\main\scala\Transform.scala. Using presentation compiler with project's scala-library version: 3.3.3
2024.08.05 12:19:55 INFO  no build target found for C:\Users\LBC\Downloads\project_scala_spark-master\src\main\scala\Transform.scala. Using presentation compiler with project's scala-library version: 3.3.3
2024.08.05 12:19:55 INFO  no build target found for C:\Users\LBC\Downloads\project_scala_spark-master\src\main\scala\Transform.scala. Using presentation compiler with project's scala-library version: 3.3.3
2024.08.05 12:19:55 INFO  no build target found for C:\Users\LBC\Downloads\project_scala_spark-master\src\main\scala\Transform.scala. Using presentation compiler with project's scala-library version: 3.3.3
2024.08.05 12:19:56 WARN  no build target for: C:\Users\LBC\Downloads\project_scala_spark-master\src\main\scala\Transform.scala
2024.08.05 12:19:56 INFO  no build target found for C:\Users\LBC\Downloads\project_scala_spark-master\src\main\scala\Transform.scala. Using presentation compiler with project's scala-library version: 3.3.3
2024.08.05 12:19:56 INFO  no build target found for C:\Users\LBC\Downloads\project_scala_spark-master\src\main\scala\Transform.scala. Using presentation compiler with project's scala-library version: 3.3.3
2024.08.05 12:20:01 INFO  no build target found for C:\Users\LBC\Downloads\project_scala_spark-master\src\main\scala\Transform.scala. Using presentation compiler with project's scala-library version: 3.3.3
2024.08.05 12:20:01 INFO  no build target found for C:\Users\LBC\Downloads\project_scala_spark-master\src\main\scala\Transform.scala. Using presentation compiler with project's scala-library version: 3.3.3
2024.08.05 12:20:06 INFO  no build target found for C:\Users\LBC\Downloads\project_scala_spark-master\src\main\scala\Transform.scala. Using presentation compiler with project's scala-library version: 3.3.3
2024.08.05 12:20:06 INFO  no build target found for C:\Users\LBC\Downloads\project_scala_spark-master\src\main\scala\Transform.scala. Using presentation compiler with project's scala-library version: 3.3.3
2024.08.05 12:20:07 WARN  no build target for: C:\Users\LBC\Downloads\project_scala_spark-master\src\main\scala\Transform.scala
2024.08.05 12:20:07 INFO  no build target found for C:\Users\LBC\Downloads\project_scala_spark-master\src\main\scala\Transform.scala. Using presentation compiler with project's scala-library version: 3.3.3
2024.08.05 12:20:07 INFO  no build target found for C:\Users\LBC\Downloads\project_scala_spark-master\src\main\scala\Transform.scala. Using presentation compiler with project's scala-library version: 3.3.3
2024.08.05 12:20:06 INFO  no build target found for C:\Users\LBC\Downloads\project_scala_spark-master\src\main\scala\Transform.scala. Using presentation compiler with project's scala-library version: 3.3.3
2024.08.05 12:20:10 INFO  no build target found for C:\Users\LBC\Downloads\project_scala_spark-master\src\main\scala\Transform.scala. Using presentation compiler with project's scala-library version: 3.3.3
2024.08.05 12:20:10 INFO  no build target found for C:\Users\LBC\Downloads\project_scala_spark-master\src\main\scala\Transform.scala. Using presentation compiler with project's scala-library version: 3.3.3
2024.08.05 12:20:11 WARN  no build target for: C:\Users\LBC\Downloads\project_scala_spark-master\src\main\scala\Transform.scala
2024.08.05 12:20:11 INFO  no build target found for C:\Users\LBC\Downloads\project_scala_spark-master\src\main\scala\Transform.scala. Using presentation compiler with project's scala-library version: 3.3.3
2024.08.05 12:20:11 INFO  no build target found for C:\Users\LBC\Downloads\project_scala_spark-master\src\main\scala\Transform.scala. Using presentation compiler with project's scala-library version: 3.3.3
2024.08.05 12:20:23 WARN  no build target for: C:\Users\LBC\Downloads\project_scala_spark-master\src\main\scala\Transform.scala
2024.08.05 12:20:23 INFO  no build target found for C:\Users\LBC\Downloads\project_scala_spark-master\src\main\scala\Transform.scala. Using presentation compiler with project's scala-library version: 3.3.3
2024.08.05 12:20:25 INFO  no build target found for C:\Users\LBC\Downloads\project_scala_spark-master\src\main\scala\Transform.scala. Using presentation compiler with project's scala-library version: 3.3.3
2024.08.05 12:20:25 INFO  no build target found for C:\Users\LBC\Downloads\project_scala_spark-master\src\main\scala\Transform.scala. Using presentation compiler with project's scala-library version: 3.3.3
2024.08.05 12:20:25 INFO  no build target found for C:\Users\LBC\Downloads\project_scala_spark-master\src\main\scala\Transform.scala. Using presentation compiler with project's scala-library version: 3.3.3
2024.08.05 12:20:27 WARN  no build target for: C:\Users\LBC\Downloads\project_scala_spark-master\src\main\scala\Transform.scala
2024.08.05 12:20:27 INFO  no build target found for C:\Users\LBC\Downloads\project_scala_spark-master\src\main\scala\Transform.scala. Using presentation compiler with project's scala-library version: 3.3.3
2024.08.05 12:20:31 INFO  no build target found for C:\Users\LBC\Downloads\project_scala_spark-master\src\main\scala\Transform.scala. Using presentation compiler with project's scala-library version: 3.3.3
2024.08.05 12:20:31 INFO  no build target found for C:\Users\LBC\Downloads\project_scala_spark-master\src\main\scala\Utils.scala. Using presentation compiler with project's scala-library version: 3.3.3
2024.08.05 12:20:33 INFO  no build target found for C:\Users\LBC\Downloads\project_scala_spark-master\src\main\scala\Utils.scala. Using presentation compiler with project's scala-library version: 3.3.3
2024.08.05 12:20:33 INFO  no build target found for C:\Users\LBC\Downloads\project_scala_spark-master\src\main\scala\Transform.scala. Using presentation compiler with project's scala-library version: 3.3.3
2024.08.05 12:20:34 INFO  no build target found for C:\Users\LBC\Downloads\project_scala_spark-master\src\main\scala\Main.scala. Using presentation compiler with project's scala-library version: 3.3.3
2024.08.05 12:20:35 INFO  no build target found for C:\Users\LBC\Downloads\project_scala_spark-master\src\main\scala\Transform.scala. Using presentation compiler with project's scala-library version: 3.3.3
août 05, 2024 12:20:36 PM org.eclipse.lsp4j.jsonrpc.RemoteEndpoint handleCancellation
AVERTISSEMENT: Unmatched cancel notification for request id 508
août 05, 2024 12:20:36 PM org.eclipse.lsp4j.jsonrpc.RemoteEndpoint handleCancellation
AVERTISSEMENT: Unmatched cancel notification for request id 509
2024.08.05 12:20:36 INFO  no build target found for C:\Users\LBC\Downloads\project_scala_spark-master\src\main\scala\Transform.scala. Using presentation compiler with project's scala-library version: 3.3.3
2024.08.05 12:20:38 INFO  no build target found for C:\Users\LBC\Downloads\project_scala_spark-master\src\main\scala\Transform.scala. Using presentation compiler with project's scala-library version: 3.3.3
2024.08.05 12:20:38 INFO  no build target found for C:\Users\LBC\Downloads\project_scala_spark-master\src\main\scala\Main.scala. Using presentation compiler with project's scala-library version: 3.3.3
2024.08.05 12:20:43 INFO  no build target found for C:\Users\LBC\Downloads\project_scala_spark-master\src\main\scala\Main.scala. Using presentation compiler with project's scala-library version: 3.3.3
2024.08.05 12:20:43 INFO  no build target found for C:\Users\LBC\Downloads\project_scala_spark-master\src\main\scala\Transform.scala. Using presentation compiler with project's scala-library version: 3.3.3
2024.08.05 12:20:43 INFO  no build target found for C:\Users\LBC\Downloads\project_scala_spark-master\src\main\scala\Load.scala. Using presentation compiler with project's scala-library version: 3.3.3
2024.08.05 12:20:47 INFO  no build target found for C:\Users\LBC\Downloads\project_scala_spark-master\src\main\scala\Transform.scala. Using presentation compiler with project's scala-library version: 3.3.3
août 05, 2024 12:20:47 PM org.eclipse.lsp4j.jsonrpc.RemoteEndpoint handleCancellation
AVERTISSEMENT: Unmatched cancel notification for request id 532
2024.08.05 12:20:47 INFO  no build target found for C:\Users\LBC\Downloads\project_scala_spark-master\src\main\scala\Transform.scala. Using presentation compiler with project's scala-library version: 3.3.3
2024.08.05 12:20:47 INFO  no build target found for C:\Users\LBC\Downloads\project_scala_spark-master\src\main\scala\Transform.scala. Using presentation compiler with project's scala-library version: 3.3.3
2024.08.05 12:25:43 INFO  no build target found for C:\Users\LBC\Downloads\project_scala_spark-master\src\main\scala\Load.scala. Using presentation compiler with project's scala-library version: 3.3.3
2024.08.05 12:25:43 INFO  no build target found for C:\Users\LBC\Downloads\project_scala_spark-master\src\main\scala\Transform.scala. Using presentation compiler with project's scala-library version: 3.3.3
2024.08.05 12:25:43 INFO  no build target found for C:\Users\LBC\Downloads\project_scala_spark-master\src\main\scala\Main.scala. Using presentation compiler with project's scala-library version: 3.3.3
2024.08.05 12:25:43 INFO  no build target found for C:\Users\LBC\Downloads\project_scala_spark-master\src\main\scala\Main.scala. Using presentation compiler with project's scala-library version: 3.3.3
2024.08.05 12:27:02 INFO  no build target found for C:\Users\LBC\Downloads\project_scala_spark-master\src\main\scala\Main.scala. Using presentation compiler with project's scala-library version: 3.3.3
2024.08.05 12:27:06 INFO  no build target found for C:\Users\LBC\Downloads\project_scala_spark-master\src\main\scala\Main.scala. Using presentation compiler with project's scala-library version: 3.3.3
2024.08.05 12:27:12 INFO  no build target found for C:\Users\LBC\Downloads\project_scala_spark-master\src\main\scala\Main.scala. Using presentation compiler with project's scala-library version: 3.3.3
2024.08.05 12:27:12 INFO  no build target found for C:\Users\LBC\Downloads\project_scala_spark-master\src\main\scala\Main.scala. Using presentation compiler with project's scala-library version: 3.3.3
2024.08.05 12:27:12 INFO  no build target found for C:\Users\LBC\Downloads\project_scala_spark-master\src\main\scala\Main.scala. Using presentation compiler with project's scala-library version: 3.3.3
2024.08.05 12:27:13 WARN  no build target for: C:\Users\LBC\Downloads\project_scala_spark-master\src\main\scala\Main.scala
2024.08.05 12:27:12 INFO  no build target found for C:\Users\LBC\Downloads\project_scala_spark-master\src\main\scala\Main.scala. Using presentation compiler with project's scala-library version: 3.3.3
2024.08.05 12:27:14 INFO  no build target found for C:\Users\LBC\Downloads\project_scala_spark-master\src\main\scala\Main.scala. Using presentation compiler with project's scala-library version: 3.3.3
2024.08.05 12:27:30 WARN  no build target for: C:\Users\LBC\Downloads\project_scala_spark-master\src\main\scala\Main.scala
2024.08.05 12:27:30 INFO  no build target found for C:\Users\LBC\Downloads\project_scala_spark-master\src\main\scala\Main.scala. Using presentation compiler with project's scala-library version: 3.3.3
2024.08.05 12:27:31 INFO  no build target found for C:\Users\LBC\Downloads\project_scala_spark-master\src\main\scala\Main.scala. Using presentation compiler with project's scala-library version: 3.3.3
2024.08.05 12:27:31 INFO  no build target found for C:\Users\LBC\Downloads\project_scala_spark-master\src\main\scala\Main.scala. Using presentation compiler with project's scala-library version: 3.3.3
2024.08.05 12:27:31 INFO  no build target found for C:\Users\LBC\Downloads\project_scala_spark-master\src\main\scala\Main.scala. Using presentation compiler with project's scala-library version: 3.3.3
2024.08.05 12:27:33 WARN  no build target for: C:\Users\LBC\Downloads\project_scala_spark-master\src\main\scala\Main.scala
2024.08.05 12:27:33 INFO  no build target found for C:\Users\LBC\Downloads\project_scala_spark-master\src\main\scala\Main.scala. Using presentation compiler with project's scala-library version: 3.3.3
2024.08.05 12:31:58 INFO  no build target found for C:\Users\LBC\Downloads\project_scala_spark-master\src\main\scala\Main.scala. Using presentation compiler with project's scala-library version: 3.3.3
2024.08.05 12:31:58 INFO  no build target found for C:\Users\LBC\Downloads\project_scala_spark-master\src\main\scala\Extract.scala. Using presentation compiler with project's scala-library version: 3.3.3
2024.08.05 12:32:36 INFO  no build target found for C:\Users\LBC\Downloads\project_scala_spark-master\src\main\scala\Extract.scala. Using presentation compiler with project's scala-library version: 3.3.3
2024.08.05 12:32:55 INFO  no build target found for C:\Users\LBC\Downloads\project_scala_spark-master\src\main\scala\Extract.scala. Using presentation compiler with project's scala-library version: 3.3.3
2024.08.05 12:32:55 INFO  no build target found for C:\Users\LBC\Downloads\project_scala_spark-master\src\main\scala\Extract.scala. Using presentation compiler with project's scala-library version: 3.3.3
2024.08.05 12:32:58 INFO  no build target found for C:\Users\LBC\Downloads\project_scala_spark-master\src\main\scala\Extract.scala. Using presentation compiler with project's scala-library version: 3.3.3
2024.08.05 12:32:58 INFO  no build target found for C:\Users\LBC\Downloads\project_scala_spark-master\src\main\scala\Extract.scala. Using presentation compiler with project's scala-library version: 3.3.3
2024.08.05 12:33:03 INFO  no build target found for C:\Users\LBC\Downloads\project_scala_spark-master\src\main\scala\Extract.scala. Using presentation compiler with project's scala-library version: 3.3.3
2024.08.05 12:33:04 INFO  no build target found for C:\Users\LBC\Downloads\project_scala_spark-master\src\main\scala\Extract.scala. Using presentation compiler with project's scala-library version: 3.3.3
2024.08.05 12:33:04 INFO  no build target found for C:\Users\LBC\Downloads\project_scala_spark-master\src\main\scala\Extract.scala. Using presentation compiler with project's scala-library version: 3.3.3
2024.08.05 12:33:14 INFO  no build target found for C:\Users\LBC\Downloads\project_scala_spark-master\src\main\scala\Extract.scala. Using presentation compiler with project's scala-library version: 3.3.3
2024.08.05 12:33:14 INFO  no build target found for C:\Users\LBC\Downloads\project_scala_spark-master\src\main\scala\Extract.scala. Using presentation compiler with project's scala-library version: 3.3.3
2024.08.05 12:33:15 WARN  no build target for: C:\Users\LBC\Downloads\project_scala_spark-master\src\main\scala\Extract.scala
2024.08.05 12:33:15 INFO  no build target found for C:\Users\LBC\Downloads\project_scala_spark-master\src\main\scala\Extract.scala. Using presentation compiler with project's scala-library version: 3.3.3
2024.08.05 12:33:15 INFO  no build target found for C:\Users\LBC\Downloads\project_scala_spark-master\src\main\scala\Extract.scala. Using presentation compiler with project's scala-library version: 3.3.3
2024.08.05 12:33:20 WARN  no build target for: C:\Users\LBC\Downloads\project_scala_spark-master\src\main\scala\Extract.scala
2024.08.05 12:33:20 INFO  no build target found for C:\Users\LBC\Downloads\project_scala_spark-master\src\main\scala\Extract.scala. Using presentation compiler with project's scala-library version: 3.3.3
2024.08.05 12:33:21 INFO  no build target found for C:\Users\LBC\Downloads\project_scala_spark-master\src\main\scala\Extract.scala. Using presentation compiler with project's scala-library version: 3.3.3
2024.08.05 12:33:22 WARN  no build target for: C:\Users\LBC\Downloads\project_scala_spark-master\src\main\scala\Extract.scala
2024.08.05 12:33:22 INFO  no build target found for C:\Users\LBC\Downloads\project_scala_spark-master\src\main\scala\Extract.scala. Using presentation compiler with project's scala-library version: 3.3.3
2024.08.05 12:33:49 INFO  no build target found for C:\Users\LBC\Downloads\project_scala_spark-master\src\main\scala\Load.scala. Using presentation compiler with project's scala-library version: 3.3.3
2024.08.05 12:33:56 INFO  no build target found for C:\Users\LBC\Downloads\project_scala_spark-master\src\main\scala\Load.scala. Using presentation compiler with project's scala-library version: 3.3.3
2024.08.05 12:33:56 INFO  no build target found for C:\Users\LBC\Downloads\project_scala_spark-master\src\main\scala\Load.scala. Using presentation compiler with project's scala-library version: 3.3.3
2024.08.05 12:33:59 INFO  no build target found for C:\Users\LBC\Downloads\project_scala_spark-master\src\main\scala\Load.scala. Using presentation compiler with project's scala-library version: 3.3.3
2024.08.05 12:33:59 INFO  no build target found for C:\Users\LBC\Downloads\project_scala_spark-master\src\main\scala\Load.scala. Using presentation compiler with project's scala-library version: 3.3.3
2024.08.05 12:34:00 INFO  no build target found for C:\Users\LBC\Downloads\project_scala_spark-master\src\main\scala\Load.scala. Using presentation compiler with project's scala-library version: 3.3.3
2024.08.05 12:34:00 WARN  no build target for: C:\Users\LBC\Downloads\project_scala_spark-master\src\main\scala\Load.scala
2024.08.05 12:34:00 INFO  no build target found for C:\Users\LBC\Downloads\project_scala_spark-master\src\main\scala\Load.scala. Using presentation compiler with project's scala-library version: 3.3.3
2024.08.05 12:34:02 WARN  no build target for: C:\Users\LBC\Downloads\project_scala_spark-master\src\main\scala\Load.scala
2024.08.05 12:34:02 INFO  no build target found for C:\Users\LBC\Downloads\project_scala_spark-master\src\main\scala\Load.scala. Using presentation compiler with project's scala-library version: 3.3.3
2024.08.05 12:34:03 WARN  no build target for: C:\Users\LBC\Downloads\project_scala_spark-master\src\main\scala\Load.scala
2024.08.05 12:34:03 INFO  no build target found for C:\Users\LBC\Downloads\project_scala_spark-master\src\main\scala\Load.scala. Using presentation compiler with project's scala-library version: 3.3.3
2024.08.05 12:34:36 INFO  no build target found for C:\Users\LBC\Downloads\project_scala_spark-master\src\main\scala\Main.scala. Using presentation compiler with project's scala-library version: 3.3.3
2024.08.05 12:34:40 INFO  no build target found for C:\Users\LBC\Downloads\project_scala_spark-master\src\main\scala\Main.scala. Using presentation compiler with project's scala-library version: 3.3.3
2024.08.05 12:34:44 INFO  no build target found for C:\Users\LBC\Downloads\project_scala_spark-master\src\main\scala\Main.scala. Using presentation compiler with project's scala-library version: 3.3.3
2024.08.05 12:34:44 INFO  no build target found for C:\Users\LBC\Downloads\project_scala_spark-master\src\main\scala\Main.scala. Using presentation compiler with project's scala-library version: 3.3.3
2024.08.05 12:34:44 INFO  no build target found for C:\Users\LBC\Downloads\project_scala_spark-master\src\main\scala\Main.scala. Using presentation compiler with project's scala-library version: 3.3.3
2024.08.05 12:34:44 WARN  no build target for: C:\Users\LBC\Downloads\project_scala_spark-master\src\main\scala\Main.scala
2024.08.05 12:34:45 INFO  no build target found for C:\Users\LBC\Downloads\project_scala_spark-master\src\main\scala\Main.scala. Using presentation compiler with project's scala-library version: 3.3.3
2024.08.05 12:34:45 INFO  no build target found for C:\Users\LBC\Downloads\project_scala_spark-master\src\main\scala\Main.scala. Using presentation compiler with project's scala-library version: 3.3.3
2024.08.05 12:34:46 INFO  no build target found for C:\Users\LBC\Downloads\project_scala_spark-master\src\main\scala\Main.scala. Using presentation compiler with project's scala-library version: 3.3.3
2024.08.05 12:34:47 WARN  no build target for: C:\Users\LBC\Downloads\project_scala_spark-master\src\main\scala\Main.scala
2024.08.05 12:34:47 INFO  no build target found for C:\Users\LBC\Downloads\project_scala_spark-master\src\main\scala\Main.scala. Using presentation compiler with project's scala-library version: 3.3.3
2024.08.05 12:37:43 INFO  no build target found for C:\Users\LBC\Downloads\project_scala_spark-master\build.sbt. Using presentation compiler with project's scala-library version: 3.3.3
2024.08.05 12:37:43 INFO  no build target found for C:\Users\LBC\Downloads\project_scala_spark-master\build.sbt. Using presentation compiler with project's scala-library version: 3.3.3
2024.08.05 12:38:01 INFO  no build target found for C:\Users\LBC\Downloads\project_scala_spark-master\build.sbt. Using presentation compiler with project's scala-library version: 3.3.3
2024.08.05 12:38:01 INFO  no build target found for C:\Users\LBC\Downloads\project_scala_spark-master\build.sbt. Using presentation compiler with project's scala-library version: 3.3.3
2024.08.05 12:38:05 INFO  no build target found for C:\Users\LBC\Downloads\project_scala_spark-master\build.sbt. Using presentation compiler with project's scala-library version: 3.3.3
2024.08.05 12:38:05 INFO  no build target found for C:\Users\LBC\Downloads\project_scala_spark-master\build.sbt. Using presentation compiler with project's scala-library version: 3.3.3
2024.08.05 12:38:58 INFO  no build target found for C:\Users\LBC\Downloads\project_scala_spark-master\build.sbt. Using presentation compiler with project's scala-library version: 3.3.3
2024.08.05 12:38:58 INFO  no build target found for C:\Users\LBC\Downloads\project_scala_spark-master\build.sbt. Using presentation compiler with project's scala-library version: 3.3.3
2024.08.05 12:38:58 INFO  no build target found for C:\Users\LBC\Downloads\project_scala_spark-master\build.sbt. Using presentation compiler with project's scala-library version: 3.3.3
2024.08.05 12:38:59 INFO  no build target found for C:\Users\LBC\Downloads\project_scala_spark-master\build.sbt. Using presentation compiler with project's scala-library version: 3.3.3
2024.08.05 12:39:00 INFO  no build target found for C:\Users\LBC\Downloads\project_scala_spark-master\build.sbt. Using presentation compiler with project's scala-library version: 3.3.3
2024.08.05 12:39:00 WARN  no build target for: C:\Users\LBC\Downloads\project_scala_spark-master\build.sbt
2024.08.05 12:39:00 INFO  no build target found for C:\Users\LBC\Downloads\project_scala_spark-master\build.sbt. Using presentation compiler with project's scala-library version: 3.3.3
2024.08.05 12:39:00 INFO  no build target found for C:\Users\LBC\Downloads\project_scala_spark-master\build.sbt. Using presentation compiler with project's scala-library version: 3.3.3
2024.08.05 12:39:02 WARN  no build target for: C:\Users\LBC\Downloads\project_scala_spark-master\build.sbt
2024.08.05 12:39:02 INFO  no build target found for C:\Users\LBC\Downloads\project_scala_spark-master\build.sbt. Using presentation compiler with project's scala-library version: 3.3.3
2024.08.05 12:48:03 INFO  no build target found for C:\Users\LBC\Downloads\project_scala_spark-master\build.sbt. Using presentation compiler with project's scala-library version: 3.3.3
